<?xml version="1.0" encoding="UTF-8"?>
<testsuite xmlns:xsi="http://www.w3.org/2001/XMLSchema-instance" xsi:noNamespaceSchemaLocation="https://maven.apache.org/surefire/maven-surefire-plugin/xsd/surefire-test-report.xsd" name="com.example.restservice.GreetingControllerTests" time="3.853" tests="2" errors="0" skipped="0" failures="0">
  <properties>
    <property name="java.specification.version" value="15"/>
    <property name="sun.jnu.encoding" value="UTF-8"/>
    <property name="java.class.path" value="/Users/matthijnhuijgens/Documents/gs-rest-service/complete/target/test-classes:/Users/matthijnhuijgens/Documents/gs-rest-service/complete/target/classes:/Users/matthijnhuijgens/.m2/repository/org/springframework/boot/spring-boot-starter-web/2.4.2/spring-boot-starter-web-2.4.2.jar:/Users/matthijnhuijgens/.m2/repository/org/springframework/boot/spring-boot-starter/2.4.2/spring-boot-starter-2.4.2.jar:/Users/matthijnhuijgens/.m2/repository/org/springframework/boot/spring-boot/2.4.2/spring-boot-2.4.2.jar:/Users/matthijnhuijgens/.m2/repository/org/springframework/boot/spring-boot-autoconfigure/2.4.2/spring-boot-autoconfigure-2.4.2.jar:/Users/matthijnhuijgens/.m2/repository/org/springframework/boot/spring-boot-starter-logging/2.4.2/spring-boot-starter-logging-2.4.2.jar:/Users/matthijnhuijgens/.m2/repository/ch/qos/logback/logback-classic/1.2.3/logback-classic-1.2.3.jar:/Users/matthijnhuijgens/.m2/repository/ch/qos/logback/logback-core/1.2.3/logback-core-1.2.3.jar:/Users/matthijnhuijgens/.m2/repository/org/apache/logging/log4j/log4j-to-slf4j/2.13.3/log4j-to-slf4j-2.13.3.jar:/Users/matthijnhuijgens/.m2/repository/org/apache/logging/log4j/log4j-api/2.13.3/log4j-api-2.13.3.jar:/Users/matthijnhuijgens/.m2/repository/org/slf4j/jul-to-slf4j/1.7.30/jul-to-slf4j-1.7.30.jar:/Users/matthijnhuijgens/.m2/repository/jakarta/annotation/jakarta.annotation-api/1.3.5/jakarta.annotation-api-1.3.5.jar:/Users/matthijnhuijgens/.m2/repository/org/yaml/snakeyaml/1.27/snakeyaml-1.27.jar:/Users/matthijnhuijgens/.m2/repository/org/springframework/boot/spring-boot-starter-json/2.4.2/spring-boot-starter-json-2.4.2.jar:/Users/matthijnhuijgens/.m2/repository/com/fasterxml/jackson/core/jackson-databind/2.11.4/jackson-databind-2.11.4.jar:/Users/matthijnhuijgens/.m2/repository/com/fasterxml/jackson/core/jackson-annotations/2.11.4/jackson-annotations-2.11.4.jar:/Users/matthijnhuijgens/.m2/repository/com/fasterxml/jackson/core/jackson-core/2.11.4/jackson-core-2.11.4.jar:/Users/matthijnhuijgens/.m2/repository/com/fasterxml/jackson/datatype/jackson-datatype-jdk8/2.11.4/jackson-datatype-jdk8-2.11.4.jar:/Users/matthijnhuijgens/.m2/repository/com/fasterxml/jackson/datatype/jackson-datatype-jsr310/2.11.4/jackson-datatype-jsr310-2.11.4.jar:/Users/matthijnhuijgens/.m2/repository/com/fasterxml/jackson/module/jackson-module-parameter-names/2.11.4/jackson-module-parameter-names-2.11.4.jar:/Users/matthijnhuijgens/.m2/repository/org/springframework/boot/spring-boot-starter-tomcat/2.4.2/spring-boot-starter-tomcat-2.4.2.jar:/Users/matthijnhuijgens/.m2/repository/org/apache/tomcat/embed/tomcat-embed-core/9.0.41/tomcat-embed-core-9.0.41.jar:/Users/matthijnhuijgens/.m2/repository/org/glassfish/jakarta.el/3.0.3/jakarta.el-3.0.3.jar:/Users/matthijnhuijgens/.m2/repository/org/apache/tomcat/embed/tomcat-embed-websocket/9.0.41/tomcat-embed-websocket-9.0.41.jar:/Users/matthijnhuijgens/.m2/repository/org/springframework/spring-web/5.3.3/spring-web-5.3.3.jar:/Users/matthijnhuijgens/.m2/repository/org/springframework/spring-beans/5.3.3/spring-beans-5.3.3.jar:/Users/matthijnhuijgens/.m2/repository/org/springframework/spring-webmvc/5.3.3/spring-webmvc-5.3.3.jar:/Users/matthijnhuijgens/.m2/repository/org/springframework/spring-aop/5.3.3/spring-aop-5.3.3.jar:/Users/matthijnhuijgens/.m2/repository/org/springframework/spring-context/5.3.3/spring-context-5.3.3.jar:/Users/matthijnhuijgens/.m2/repository/org/springframework/spring-expression/5.3.3/spring-expression-5.3.3.jar:/Users/matthijnhuijgens/.m2/repository/io/github/resilience4j/resilience4j-spring-boot2/1.6.1/resilience4j-spring-boot2-1.6.1.jar:/Users/matthijnhuijgens/.m2/repository/io/vavr/vavr/0.10.2/vavr-0.10.2.jar:/Users/matthijnhuijgens/.m2/repository/io/vavr/vavr-match/0.10.2/vavr-match-0.10.2.jar:/Users/matthijnhuijgens/.m2/repository/org/slf4j/slf4j-api/1.7.30/slf4j-api-1.7.30.jar:/Users/matthijnhuijgens/.m2/repository/io/github/resilience4j/resilience4j-spring/1.6.1/resilience4j-spring-1.6.1.jar:/Users/matthijnhuijgens/.m2/repository/io/github/resilience4j/resilience4j-annotations/1.6.1/resilience4j-annotations-1.6.1.jar:/Users/matthijnhuijgens/.m2/repository/io/github/resilience4j/resilience4j-consumer/1.6.1/resilience4j-consumer-1.6.1.jar:/Users/matthijnhuijgens/.m2/repository/io/github/resilience4j/resilience4j-core/1.6.1/resilience4j-core-1.6.1.jar:/Users/matthijnhuijgens/.m2/repository/io/github/resilience4j/resilience4j-circularbuffer/1.6.1/resilience4j-circularbuffer-1.6.1.jar:/Users/matthijnhuijgens/.m2/repository/io/github/resilience4j/resilience4j-framework-common/1.6.1/resilience4j-framework-common-1.6.1.jar:/Users/matthijnhuijgens/.m2/repository/io/github/resilience4j/resilience4j-circuitbreaker/1.6.1/resilience4j-circuitbreaker-1.6.1.jar:/Users/matthijnhuijgens/.m2/repository/io/github/resilience4j/resilience4j-ratelimiter/1.6.1/resilience4j-ratelimiter-1.6.1.jar:/Users/matthijnhuijgens/.m2/repository/io/github/resilience4j/resilience4j-retry/1.6.1/resilience4j-retry-1.6.1.jar:/Users/matthijnhuijgens/.m2/repository/io/github/resilience4j/resilience4j-bulkhead/1.6.1/resilience4j-bulkhead-1.6.1.jar:/Users/matthijnhuijgens/.m2/repository/io/github/resilience4j/resilience4j-timelimiter/1.6.1/resilience4j-timelimiter-1.6.1.jar:/Users/matthijnhuijgens/.m2/repository/io/github/resilience4j/resilience4j-micrometer/1.6.1/resilience4j-micrometer-1.6.1.jar:/Users/matthijnhuijgens/.m2/repository/org/springframework/boot/spring-boot-starter-actuator/2.4.2/spring-boot-starter-actuator-2.4.2.jar:/Users/matthijnhuijgens/.m2/repository/org/springframework/boot/spring-boot-actuator-autoconfigure/2.4.2/spring-boot-actuator-autoconfigure-2.4.2.jar:/Users/matthijnhuijgens/.m2/repository/org/springframework/boot/spring-boot-actuator/2.4.2/spring-boot-actuator-2.4.2.jar:/Users/matthijnhuijgens/.m2/repository/io/micrometer/micrometer-core/1.6.3/micrometer-core-1.6.3.jar:/Users/matthijnhuijgens/.m2/repository/org/hdrhistogram/HdrHistogram/2.1.12/HdrHistogram-2.1.12.jar:/Users/matthijnhuijgens/.m2/repository/org/latencyutils/LatencyUtils/2.0.3/LatencyUtils-2.0.3.jar:/Users/matthijnhuijgens/.m2/repository/io/springfox/springfox-boot-starter/3.0.0/springfox-boot-starter-3.0.0.jar:/Users/matthijnhuijgens/.m2/repository/io/springfox/springfox-oas/3.0.0/springfox-oas-3.0.0.jar:/Users/matthijnhuijgens/.m2/repository/io/swagger/core/v3/swagger-annotations/2.1.2/swagger-annotations-2.1.2.jar:/Users/matthijnhuijgens/.m2/repository/io/swagger/core/v3/swagger-models/2.1.2/swagger-models-2.1.2.jar:/Users/matthijnhuijgens/.m2/repository/io/springfox/springfox-spi/3.0.0/springfox-spi-3.0.0.jar:/Users/matthijnhuijgens/.m2/repository/io/springfox/springfox-schema/3.0.0/springfox-schema-3.0.0.jar:/Users/matthijnhuijgens/.m2/repository/io/springfox/springfox-core/3.0.0/springfox-core-3.0.0.jar:/Users/matthijnhuijgens/.m2/repository/io/springfox/springfox-spring-web/3.0.0/springfox-spring-web-3.0.0.jar:/Users/matthijnhuijgens/.m2/repository/io/github/classgraph/classgraph/4.8.83/classgraph-4.8.83.jar:/Users/matthijnhuijgens/.m2/repository/io/springfox/springfox-spring-webmvc/3.0.0/springfox-spring-webmvc-3.0.0.jar:/Users/matthijnhuijgens/.m2/repository/io/springfox/springfox-spring-webflux/3.0.0/springfox-spring-webflux-3.0.0.jar:/Users/matthijnhuijgens/.m2/repository/io/springfox/springfox-swagger-common/3.0.0/springfox-swagger-common-3.0.0.jar:/Users/matthijnhuijgens/.m2/repository/org/mapstruct/mapstruct/1.3.1.Final/mapstruct-1.3.1.Final.jar:/Users/matthijnhuijgens/.m2/repository/io/springfox/springfox-data-rest/3.0.0/springfox-data-rest-3.0.0.jar:/Users/matthijnhuijgens/.m2/repository/io/springfox/springfox-bean-validators/3.0.0/springfox-bean-validators-3.0.0.jar:/Users/matthijnhuijgens/.m2/repository/io/springfox/springfox-swagger2/3.0.0/springfox-swagger2-3.0.0.jar:/Users/matthijnhuijgens/.m2/repository/io/swagger/swagger-annotations/1.5.20/swagger-annotations-1.5.20.jar:/Users/matthijnhuijgens/.m2/repository/io/swagger/swagger-models/1.5.20/swagger-models-1.5.20.jar:/Users/matthijnhuijgens/.m2/repository/io/springfox/springfox-swagger-ui/3.0.0/springfox-swagger-ui-3.0.0.jar:/Users/matthijnhuijgens/.m2/repository/com/fasterxml/classmate/1.5.1/classmate-1.5.1.jar:/Users/matthijnhuijgens/.m2/repository/org/springframework/plugin/spring-plugin-core/2.0.0.RELEASE/spring-plugin-core-2.0.0.RELEASE.jar:/Users/matthijnhuijgens/.m2/repository/org/springframework/plugin/spring-plugin-metadata/2.0.0.RELEASE/spring-plugin-metadata-2.0.0.RELEASE.jar:/Users/matthijnhuijgens/.m2/repository/io/micrometer/micrometer-registry-prometheus/1.6.3/micrometer-registry-prometheus-1.6.3.jar:/Users/matthijnhuijgens/.m2/repository/io/prometheus/simpleclient_common/0.9.0/simpleclient_common-0.9.0.jar:/Users/matthijnhuijgens/.m2/repository/io/prometheus/simpleclient/0.9.0/simpleclient-0.9.0.jar:/Users/matthijnhuijgens/.m2/repository/org/projectlombok/lombok/1.18.16/lombok-1.18.16.jar:/Users/matthijnhuijgens/.m2/repository/org/springframework/boot/spring-boot-starter-test/2.4.2/spring-boot-starter-test-2.4.2.jar:/Users/matthijnhuijgens/.m2/repository/org/springframework/boot/spring-boot-test/2.4.2/spring-boot-test-2.4.2.jar:/Users/matthijnhuijgens/.m2/repository/org/springframework/boot/spring-boot-test-autoconfigure/2.4.2/spring-boot-test-autoconfigure-2.4.2.jar:/Users/matthijnhuijgens/.m2/repository/com/jayway/jsonpath/json-path/2.4.0/json-path-2.4.0.jar:/Users/matthijnhuijgens/.m2/repository/net/minidev/json-smart/2.3/json-smart-2.3.jar:/Users/matthijnhuijgens/.m2/repository/net/minidev/accessors-smart/1.2/accessors-smart-1.2.jar:/Users/matthijnhuijgens/.m2/repository/org/ow2/asm/asm/5.0.4/asm-5.0.4.jar:/Users/matthijnhuijgens/.m2/repository/jakarta/xml/bind/jakarta.xml.bind-api/2.3.3/jakarta.xml.bind-api-2.3.3.jar:/Users/matthijnhuijgens/.m2/repository/jakarta/activation/jakarta.activation-api/1.2.2/jakarta.activation-api-1.2.2.jar:/Users/matthijnhuijgens/.m2/repository/org/assertj/assertj-core/3.18.1/assertj-core-3.18.1.jar:/Users/matthijnhuijgens/.m2/repository/org/hamcrest/hamcrest/2.2/hamcrest-2.2.jar:/Users/matthijnhuijgens/.m2/repository/org/junit/jupiter/junit-jupiter/5.7.0/junit-jupiter-5.7.0.jar:/Users/matthijnhuijgens/.m2/repository/org/junit/jupiter/junit-jupiter-api/5.7.0/junit-jupiter-api-5.7.0.jar:/Users/matthijnhuijgens/.m2/repository/org/apiguardian/apiguardian-api/1.1.0/apiguardian-api-1.1.0.jar:/Users/matthijnhuijgens/.m2/repository/org/opentest4j/opentest4j/1.2.0/opentest4j-1.2.0.jar:/Users/matthijnhuijgens/.m2/repository/org/junit/platform/junit-platform-commons/1.7.0/junit-platform-commons-1.7.0.jar:/Users/matthijnhuijgens/.m2/repository/org/junit/jupiter/junit-jupiter-params/5.7.0/junit-jupiter-params-5.7.0.jar:/Users/matthijnhuijgens/.m2/repository/org/junit/jupiter/junit-jupiter-engine/5.7.0/junit-jupiter-engine-5.7.0.jar:/Users/matthijnhuijgens/.m2/repository/org/junit/platform/junit-platform-engine/1.7.0/junit-platform-engine-1.7.0.jar:/Users/matthijnhuijgens/.m2/repository/org/mockito/mockito-core/3.6.28/mockito-core-3.6.28.jar:/Users/matthijnhuijgens/.m2/repository/net/bytebuddy/byte-buddy/1.10.19/byte-buddy-1.10.19.jar:/Users/matthijnhuijgens/.m2/repository/net/bytebuddy/byte-buddy-agent/1.10.19/byte-buddy-agent-1.10.19.jar:/Users/matthijnhuijgens/.m2/repository/org/objenesis/objenesis/3.1/objenesis-3.1.jar:/Users/matthijnhuijgens/.m2/repository/org/mockito/mockito-junit-jupiter/3.6.28/mockito-junit-jupiter-3.6.28.jar:/Users/matthijnhuijgens/.m2/repository/org/skyscreamer/jsonassert/1.5.0/jsonassert-1.5.0.jar:/Users/matthijnhuijgens/.m2/repository/com/vaadin/external/google/android-json/0.0.20131108.vaadin1/android-json-0.0.20131108.vaadin1.jar:/Users/matthijnhuijgens/.m2/repository/org/springframework/spring-core/5.3.3/spring-core-5.3.3.jar:/Users/matthijnhuijgens/.m2/repository/org/springframework/spring-jcl/5.3.3/spring-jcl-5.3.3.jar:/Users/matthijnhuijgens/.m2/repository/org/springframework/spring-test/5.3.3/spring-test-5.3.3.jar:/Users/matthijnhuijgens/.m2/repository/org/xmlunit/xmlunit-core/2.7.0/xmlunit-core-2.7.0.jar:/Users/matthijnhuijgens/.m2/repository/org/slf4j/log4j-over-slf4j/1.7.30/log4j-over-slf4j-1.7.30.jar:"/>
    <property name="java.vm.vendor" value="Oracle Corporation"/>
    <property name="sun.arch.data.model" value="64"/>
    <property name="java.vendor.url" value="https://openjdk.java.net/"/>
    <property name="os.name" value="Mac OS X"/>
    <property name="java.vm.specification.version" value="15"/>
    <property name="sun.java.launcher" value="SUN_STANDARD"/>
    <property name="user.country" value="NL"/>
    <property name="sun.boot.library.path" value="/usr/local/Cellar/openjdk/15.0.1/libexec/openjdk.jdk/Contents/Home/lib"/>
    <property name="sun.java.command" value="/Users/matthijnhuijgens/Documents/gs-rest-service/complete/target/surefire/surefirebooter5437778332687039704.jar /Users/matthijnhuijgens/Documents/gs-rest-service/complete/target/surefire 2021-02-17T12-55-03_616-jvmRun1 surefire14876879335981957977tmp surefire_04196214383424267556tmp"/>
    <property name="http.nonProxyHosts" value="local|*.local|169.254/16|*.169.254/16"/>
    <property name="jdk.debug" value="release"/>
    <property name="surefire.test.class.path" value="/Users/matthijnhuijgens/Documents/gs-rest-service/complete/target/test-classes:/Users/matthijnhuijgens/Documents/gs-rest-service/complete/target/classes:/Users/matthijnhuijgens/.m2/repository/org/springframework/boot/spring-boot-starter-web/2.4.2/spring-boot-starter-web-2.4.2.jar:/Users/matthijnhuijgens/.m2/repository/org/springframework/boot/spring-boot-starter/2.4.2/spring-boot-starter-2.4.2.jar:/Users/matthijnhuijgens/.m2/repository/org/springframework/boot/spring-boot/2.4.2/spring-boot-2.4.2.jar:/Users/matthijnhuijgens/.m2/repository/org/springframework/boot/spring-boot-autoconfigure/2.4.2/spring-boot-autoconfigure-2.4.2.jar:/Users/matthijnhuijgens/.m2/repository/org/springframework/boot/spring-boot-starter-logging/2.4.2/spring-boot-starter-logging-2.4.2.jar:/Users/matthijnhuijgens/.m2/repository/ch/qos/logback/logback-classic/1.2.3/logback-classic-1.2.3.jar:/Users/matthijnhuijgens/.m2/repository/ch/qos/logback/logback-core/1.2.3/logback-core-1.2.3.jar:/Users/matthijnhuijgens/.m2/repository/org/apache/logging/log4j/log4j-to-slf4j/2.13.3/log4j-to-slf4j-2.13.3.jar:/Users/matthijnhuijgens/.m2/repository/org/apache/logging/log4j/log4j-api/2.13.3/log4j-api-2.13.3.jar:/Users/matthijnhuijgens/.m2/repository/org/slf4j/jul-to-slf4j/1.7.30/jul-to-slf4j-1.7.30.jar:/Users/matthijnhuijgens/.m2/repository/jakarta/annotation/jakarta.annotation-api/1.3.5/jakarta.annotation-api-1.3.5.jar:/Users/matthijnhuijgens/.m2/repository/org/yaml/snakeyaml/1.27/snakeyaml-1.27.jar:/Users/matthijnhuijgens/.m2/repository/org/springframework/boot/spring-boot-starter-json/2.4.2/spring-boot-starter-json-2.4.2.jar:/Users/matthijnhuijgens/.m2/repository/com/fasterxml/jackson/core/jackson-databind/2.11.4/jackson-databind-2.11.4.jar:/Users/matthijnhuijgens/.m2/repository/com/fasterxml/jackson/core/jackson-annotations/2.11.4/jackson-annotations-2.11.4.jar:/Users/matthijnhuijgens/.m2/repository/com/fasterxml/jackson/core/jackson-core/2.11.4/jackson-core-2.11.4.jar:/Users/matthijnhuijgens/.m2/repository/com/fasterxml/jackson/datatype/jackson-datatype-jdk8/2.11.4/jackson-datatype-jdk8-2.11.4.jar:/Users/matthijnhuijgens/.m2/repository/com/fasterxml/jackson/datatype/jackson-datatype-jsr310/2.11.4/jackson-datatype-jsr310-2.11.4.jar:/Users/matthijnhuijgens/.m2/repository/com/fasterxml/jackson/module/jackson-module-parameter-names/2.11.4/jackson-module-parameter-names-2.11.4.jar:/Users/matthijnhuijgens/.m2/repository/org/springframework/boot/spring-boot-starter-tomcat/2.4.2/spring-boot-starter-tomcat-2.4.2.jar:/Users/matthijnhuijgens/.m2/repository/org/apache/tomcat/embed/tomcat-embed-core/9.0.41/tomcat-embed-core-9.0.41.jar:/Users/matthijnhuijgens/.m2/repository/org/glassfish/jakarta.el/3.0.3/jakarta.el-3.0.3.jar:/Users/matthijnhuijgens/.m2/repository/org/apache/tomcat/embed/tomcat-embed-websocket/9.0.41/tomcat-embed-websocket-9.0.41.jar:/Users/matthijnhuijgens/.m2/repository/org/springframework/spring-web/5.3.3/spring-web-5.3.3.jar:/Users/matthijnhuijgens/.m2/repository/org/springframework/spring-beans/5.3.3/spring-beans-5.3.3.jar:/Users/matthijnhuijgens/.m2/repository/org/springframework/spring-webmvc/5.3.3/spring-webmvc-5.3.3.jar:/Users/matthijnhuijgens/.m2/repository/org/springframework/spring-aop/5.3.3/spring-aop-5.3.3.jar:/Users/matthijnhuijgens/.m2/repository/org/springframework/spring-context/5.3.3/spring-context-5.3.3.jar:/Users/matthijnhuijgens/.m2/repository/org/springframework/spring-expression/5.3.3/spring-expression-5.3.3.jar:/Users/matthijnhuijgens/.m2/repository/io/github/resilience4j/resilience4j-spring-boot2/1.6.1/resilience4j-spring-boot2-1.6.1.jar:/Users/matthijnhuijgens/.m2/repository/io/vavr/vavr/0.10.2/vavr-0.10.2.jar:/Users/matthijnhuijgens/.m2/repository/io/vavr/vavr-match/0.10.2/vavr-match-0.10.2.jar:/Users/matthijnhuijgens/.m2/repository/org/slf4j/slf4j-api/1.7.30/slf4j-api-1.7.30.jar:/Users/matthijnhuijgens/.m2/repository/io/github/resilience4j/resilience4j-spring/1.6.1/resilience4j-spring-1.6.1.jar:/Users/matthijnhuijgens/.m2/repository/io/github/resilience4j/resilience4j-annotations/1.6.1/resilience4j-annotations-1.6.1.jar:/Users/matthijnhuijgens/.m2/repository/io/github/resilience4j/resilience4j-consumer/1.6.1/resilience4j-consumer-1.6.1.jar:/Users/matthijnhuijgens/.m2/repository/io/github/resilience4j/resilience4j-core/1.6.1/resilience4j-core-1.6.1.jar:/Users/matthijnhuijgens/.m2/repository/io/github/resilience4j/resilience4j-circularbuffer/1.6.1/resilience4j-circularbuffer-1.6.1.jar:/Users/matthijnhuijgens/.m2/repository/io/github/resilience4j/resilience4j-framework-common/1.6.1/resilience4j-framework-common-1.6.1.jar:/Users/matthijnhuijgens/.m2/repository/io/github/resilience4j/resilience4j-circuitbreaker/1.6.1/resilience4j-circuitbreaker-1.6.1.jar:/Users/matthijnhuijgens/.m2/repository/io/github/resilience4j/resilience4j-ratelimiter/1.6.1/resilience4j-ratelimiter-1.6.1.jar:/Users/matthijnhuijgens/.m2/repository/io/github/resilience4j/resilience4j-retry/1.6.1/resilience4j-retry-1.6.1.jar:/Users/matthijnhuijgens/.m2/repository/io/github/resilience4j/resilience4j-bulkhead/1.6.1/resilience4j-bulkhead-1.6.1.jar:/Users/matthijnhuijgens/.m2/repository/io/github/resilience4j/resilience4j-timelimiter/1.6.1/resilience4j-timelimiter-1.6.1.jar:/Users/matthijnhuijgens/.m2/repository/io/github/resilience4j/resilience4j-micrometer/1.6.1/resilience4j-micrometer-1.6.1.jar:/Users/matthijnhuijgens/.m2/repository/org/springframework/boot/spring-boot-starter-actuator/2.4.2/spring-boot-starter-actuator-2.4.2.jar:/Users/matthijnhuijgens/.m2/repository/org/springframework/boot/spring-boot-actuator-autoconfigure/2.4.2/spring-boot-actuator-autoconfigure-2.4.2.jar:/Users/matthijnhuijgens/.m2/repository/org/springframework/boot/spring-boot-actuator/2.4.2/spring-boot-actuator-2.4.2.jar:/Users/matthijnhuijgens/.m2/repository/io/micrometer/micrometer-core/1.6.3/micrometer-core-1.6.3.jar:/Users/matthijnhuijgens/.m2/repository/org/hdrhistogram/HdrHistogram/2.1.12/HdrHistogram-2.1.12.jar:/Users/matthijnhuijgens/.m2/repository/org/latencyutils/LatencyUtils/2.0.3/LatencyUtils-2.0.3.jar:/Users/matthijnhuijgens/.m2/repository/io/springfox/springfox-boot-starter/3.0.0/springfox-boot-starter-3.0.0.jar:/Users/matthijnhuijgens/.m2/repository/io/springfox/springfox-oas/3.0.0/springfox-oas-3.0.0.jar:/Users/matthijnhuijgens/.m2/repository/io/swagger/core/v3/swagger-annotations/2.1.2/swagger-annotations-2.1.2.jar:/Users/matthijnhuijgens/.m2/repository/io/swagger/core/v3/swagger-models/2.1.2/swagger-models-2.1.2.jar:/Users/matthijnhuijgens/.m2/repository/io/springfox/springfox-spi/3.0.0/springfox-spi-3.0.0.jar:/Users/matthijnhuijgens/.m2/repository/io/springfox/springfox-schema/3.0.0/springfox-schema-3.0.0.jar:/Users/matthijnhuijgens/.m2/repository/io/springfox/springfox-core/3.0.0/springfox-core-3.0.0.jar:/Users/matthijnhuijgens/.m2/repository/io/springfox/springfox-spring-web/3.0.0/springfox-spring-web-3.0.0.jar:/Users/matthijnhuijgens/.m2/repository/io/github/classgraph/classgraph/4.8.83/classgraph-4.8.83.jar:/Users/matthijnhuijgens/.m2/repository/io/springfox/springfox-spring-webmvc/3.0.0/springfox-spring-webmvc-3.0.0.jar:/Users/matthijnhuijgens/.m2/repository/io/springfox/springfox-spring-webflux/3.0.0/springfox-spring-webflux-3.0.0.jar:/Users/matthijnhuijgens/.m2/repository/io/springfox/springfox-swagger-common/3.0.0/springfox-swagger-common-3.0.0.jar:/Users/matthijnhuijgens/.m2/repository/org/mapstruct/mapstruct/1.3.1.Final/mapstruct-1.3.1.Final.jar:/Users/matthijnhuijgens/.m2/repository/io/springfox/springfox-data-rest/3.0.0/springfox-data-rest-3.0.0.jar:/Users/matthijnhuijgens/.m2/repository/io/springfox/springfox-bean-validators/3.0.0/springfox-bean-validators-3.0.0.jar:/Users/matthijnhuijgens/.m2/repository/io/springfox/springfox-swagger2/3.0.0/springfox-swagger2-3.0.0.jar:/Users/matthijnhuijgens/.m2/repository/io/swagger/swagger-annotations/1.5.20/swagger-annotations-1.5.20.jar:/Users/matthijnhuijgens/.m2/repository/io/swagger/swagger-models/1.5.20/swagger-models-1.5.20.jar:/Users/matthijnhuijgens/.m2/repository/io/springfox/springfox-swagger-ui/3.0.0/springfox-swagger-ui-3.0.0.jar:/Users/matthijnhuijgens/.m2/repository/com/fasterxml/classmate/1.5.1/classmate-1.5.1.jar:/Users/matthijnhuijgens/.m2/repository/org/springframework/plugin/spring-plugin-core/2.0.0.RELEASE/spring-plugin-core-2.0.0.RELEASE.jar:/Users/matthijnhuijgens/.m2/repository/org/springframework/plugin/spring-plugin-metadata/2.0.0.RELEASE/spring-plugin-metadata-2.0.0.RELEASE.jar:/Users/matthijnhuijgens/.m2/repository/io/micrometer/micrometer-registry-prometheus/1.6.3/micrometer-registry-prometheus-1.6.3.jar:/Users/matthijnhuijgens/.m2/repository/io/prometheus/simpleclient_common/0.9.0/simpleclient_common-0.9.0.jar:/Users/matthijnhuijgens/.m2/repository/io/prometheus/simpleclient/0.9.0/simpleclient-0.9.0.jar:/Users/matthijnhuijgens/.m2/repository/org/projectlombok/lombok/1.18.16/lombok-1.18.16.jar:/Users/matthijnhuijgens/.m2/repository/org/springframework/boot/spring-boot-starter-test/2.4.2/spring-boot-starter-test-2.4.2.jar:/Users/matthijnhuijgens/.m2/repository/org/springframework/boot/spring-boot-test/2.4.2/spring-boot-test-2.4.2.jar:/Users/matthijnhuijgens/.m2/repository/org/springframework/boot/spring-boot-test-autoconfigure/2.4.2/spring-boot-test-autoconfigure-2.4.2.jar:/Users/matthijnhuijgens/.m2/repository/com/jayway/jsonpath/json-path/2.4.0/json-path-2.4.0.jar:/Users/matthijnhuijgens/.m2/repository/net/minidev/json-smart/2.3/json-smart-2.3.jar:/Users/matthijnhuijgens/.m2/repository/net/minidev/accessors-smart/1.2/accessors-smart-1.2.jar:/Users/matthijnhuijgens/.m2/repository/org/ow2/asm/asm/5.0.4/asm-5.0.4.jar:/Users/matthijnhuijgens/.m2/repository/jakarta/xml/bind/jakarta.xml.bind-api/2.3.3/jakarta.xml.bind-api-2.3.3.jar:/Users/matthijnhuijgens/.m2/repository/jakarta/activation/jakarta.activation-api/1.2.2/jakarta.activation-api-1.2.2.jar:/Users/matthijnhuijgens/.m2/repository/org/assertj/assertj-core/3.18.1/assertj-core-3.18.1.jar:/Users/matthijnhuijgens/.m2/repository/org/hamcrest/hamcrest/2.2/hamcrest-2.2.jar:/Users/matthijnhuijgens/.m2/repository/org/junit/jupiter/junit-jupiter/5.7.0/junit-jupiter-5.7.0.jar:/Users/matthijnhuijgens/.m2/repository/org/junit/jupiter/junit-jupiter-api/5.7.0/junit-jupiter-api-5.7.0.jar:/Users/matthijnhuijgens/.m2/repository/org/apiguardian/apiguardian-api/1.1.0/apiguardian-api-1.1.0.jar:/Users/matthijnhuijgens/.m2/repository/org/opentest4j/opentest4j/1.2.0/opentest4j-1.2.0.jar:/Users/matthijnhuijgens/.m2/repository/org/junit/platform/junit-platform-commons/1.7.0/junit-platform-commons-1.7.0.jar:/Users/matthijnhuijgens/.m2/repository/org/junit/jupiter/junit-jupiter-params/5.7.0/junit-jupiter-params-5.7.0.jar:/Users/matthijnhuijgens/.m2/repository/org/junit/jupiter/junit-jupiter-engine/5.7.0/junit-jupiter-engine-5.7.0.jar:/Users/matthijnhuijgens/.m2/repository/org/junit/platform/junit-platform-engine/1.7.0/junit-platform-engine-1.7.0.jar:/Users/matthijnhuijgens/.m2/repository/org/mockito/mockito-core/3.6.28/mockito-core-3.6.28.jar:/Users/matthijnhuijgens/.m2/repository/net/bytebuddy/byte-buddy/1.10.19/byte-buddy-1.10.19.jar:/Users/matthijnhuijgens/.m2/repository/net/bytebuddy/byte-buddy-agent/1.10.19/byte-buddy-agent-1.10.19.jar:/Users/matthijnhuijgens/.m2/repository/org/objenesis/objenesis/3.1/objenesis-3.1.jar:/Users/matthijnhuijgens/.m2/repository/org/mockito/mockito-junit-jupiter/3.6.28/mockito-junit-jupiter-3.6.28.jar:/Users/matthijnhuijgens/.m2/repository/org/skyscreamer/jsonassert/1.5.0/jsonassert-1.5.0.jar:/Users/matthijnhuijgens/.m2/repository/com/vaadin/external/google/android-json/0.0.20131108.vaadin1/android-json-0.0.20131108.vaadin1.jar:/Users/matthijnhuijgens/.m2/repository/org/springframework/spring-core/5.3.3/spring-core-5.3.3.jar:/Users/matthijnhuijgens/.m2/repository/org/springframework/spring-jcl/5.3.3/spring-jcl-5.3.3.jar:/Users/matthijnhuijgens/.m2/repository/org/springframework/spring-test/5.3.3/spring-test-5.3.3.jar:/Users/matthijnhuijgens/.m2/repository/org/xmlunit/xmlunit-core/2.7.0/xmlunit-core-2.7.0.jar:/Users/matthijnhuijgens/.m2/repository/org/slf4j/log4j-over-slf4j/1.7.30/log4j-over-slf4j-1.7.30.jar:"/>
    <property name="sun.cpu.endian" value="little"/>
    <property name="user.home" value="/Users/matthijnhuijgens"/>
    <property name="user.language" value="en"/>
    <property name="java.specification.vendor" value="Oracle Corporation"/>
    <property name="java.version.date" value="2020-10-20"/>
    <property name="java.home" value="/usr/local/Cellar/openjdk/15.0.1/libexec/openjdk.jdk/Contents/Home"/>
    <property name="file.separator" value="/"/>
    <property name="basedir" value="/Users/matthijnhuijgens/Documents/gs-rest-service/complete"/>
    <property name="java.vm.compressedOopsMode" value="Zero based"/>
    <property name="line.separator" value="&#10;"/>
    <property name="java.specification.name" value="Java Platform API Specification"/>
    <property name="java.vm.specification.vendor" value="Oracle Corporation"/>
    <property name="surefire.real.class.path" value="/Users/matthijnhuijgens/Documents/gs-rest-service/complete/target/surefire/surefirebooter5437778332687039704.jar"/>
    <property name="sun.management.compiler" value="HotSpot 64-Bit Tiered Compilers"/>
    <property name="ftp.nonProxyHosts" value="local|*.local|169.254/16|*.169.254/16"/>
    <property name="java.runtime.version" value="15.0.1+9"/>
    <property name="user.name" value="matthijnhuijgens"/>
    <property name="path.separator" value=":"/>
    <property name="os.version" value="11.0.1"/>
    <property name="java.runtime.name" value="OpenJDK Runtime Environment"/>
    <property name="file.encoding" value="UTF-8"/>
    <property name="java.vm.name" value="OpenJDK 64-Bit Server VM"/>
    <property name="localRepository" value="/Users/matthijnhuijgens/.m2/repository"/>
    <property name="java.vendor.url.bug" value="https://bugreport.java.com/bugreport/"/>
    <property name="java.io.tmpdir" value="/var/folders/wn/980rsld519s0g85ndtnccrg80000gn/T/"/>
    <property name="java.version" value="15.0.1"/>
    <property name="user.dir" value="/Users/matthijnhuijgens/Documents/gs-rest-service/complete"/>
    <property name="os.arch" value="x86_64"/>
    <property name="java.vm.specification.name" value="Java Virtual Machine Specification"/>
    <property name="java.library.path" value="/Users/matthijnhuijgens/Library/Java/Extensions:/Library/Java/Extensions:/Network/Library/Java/Extensions:/System/Library/Java/Extensions:/usr/lib/java:."/>
    <property name="java.vm.info" value="mixed mode, sharing"/>
    <property name="java.vendor" value="N/A"/>
    <property name="java.vm.version" value="15.0.1+9"/>
    <property name="sun.io.unicode.encoding" value="UnicodeBig"/>
    <property name="socksNonProxyHosts" value="local|*.local|169.254/16|*.169.254/16"/>
    <property name="java.class.version" value="59.0"/>
  </properties>
  <testcase name="noParamGreetingShouldReturnDefaultMessage" classname="com.example.restservice.GreetingControllerTests" time="0.321"/>
  <testcase name="paramGreetingShouldReturnTailoredMessage" classname="com.example.restservice.GreetingControllerTests" time="0.007"/>
</testsuite>